Antes: cruce en ( 1 )
1 1 3 3
0 3 3 1
3 1 1 2
2 3 2 0
3 2 1 2
0 2 1 1
0 3 2 1
1 3 2 1
1 1 3 0
0 1 3 1

1 0 3 2
0 2 1 1
3 3 0 0
2 3 3 0
3 3 2 0
0 3 1 3
0 2 1 1
1 3 3 3
1 1 0 1
0 3 1 0
===
2 0 3 2
1 2 1 1
0 3 0 0
3 3 3 0
1 3 2 0
1 3 1 3
3 2 1 1
0 3 3 3
1 1 0 1
0 3 1 0
Despues: 

===
2 1 3 3
1 3 3 1
0 1 1 2
3 3 2 0
1 2 1 2
1 2 1 1
3 3 2 1
0 3 2 1
1 1 3 0
0 1 3 1
Antes: cruce en ( 1 )
0 2 2 2
2 3 0 1
0 2 0 3
1 1 1 1
1 2 1 3
2 0 2 1
2 2 0 3
3 3 2 1
2 0 1 0
0 0 3 2
===
3 3 0 2
0 3 2 2
3 0 3 3
0 0 1 1
3 2 2 1
3 3 0 3
1 0 3 1
2 2 2 2
2 1 0 3
3 3 1 0
Despues: 
0 3 0 2
2 3 2 2
0 0 3 3
1 0 1 1
1 2 2 1
2 3 0 3
2 0 3 1
3 2 2 2
2 1 0 3
0 3 1 0
===
3 2 2 2
0 3 0 1
3 2 0 3
0 1 1 1
3 2 1 3
3 0 2 1
1 2 0 3
2 3 2 1
2 0 1 0
3 0 3 2
Antes: cruce en ( 2 )
2 1 2 2
2 0 0 2
1 0 1 0
3 3 1 0
0 2 2 2
3 3 1 2
1 3 1 0
1 2 2 1
1 1 1 3
3 1 0 3
===
1 3 1 1
0 1 3 2
3 2 1 2
2 2 0 0
1 0 3 2
2 0 1 1
0 3 0 2
2 0 1 2
0 1 1 3
3 1 3 2
Despues: 
2 1 1 1
2 0 3 2
1 0 1 2
3 3 0 0
0 2 3 2
3 3 1 1
1 3 0 2
1 2 1 2
1 1 1 3
3 1 3 2
===
1 3 2 2
0 1 0 2
3 2 1 0
2 2 1 0
1 0 2 2
2 0 1 2
0 3 1 0
2 0 2 1
0 1 1 3
3 1 0 3
Antes: cruce en ( 2 )
1 3 3 0
1 2 2 1
0 3 2 3
1 2 2 1
0 0 1 1
1 2 3 2
2 1 0 1
1 0 3 1
3 2 3 2
0 0 0 0
===
3 0 1 0
1 2 3 1
0 2 2 2
2 1 3 2
1 3 1 2
2 3 3 2
2 0 1 0
1 1 0 0
3 3 0 3
3 3 2 3
Despues: 
1 3 1 0
1 2 3 1
0 3 2 2
1 2 3 2
0 0 1 2
1 2 3 2
2 1 1 0
1 0 0 0
3 2 0 3
0 0 2 3
===
3 0 3 0
1 2 2 1
0 2 2 3
2 1 2 1
1 3 1 1
2 3 3 2
2 0 0 1
1 1 3 1
3 3 3 2
3 3 0 0
Antes: cruce en ( 1 )
1 0 3 3
2 2 2 2
1 3 0 2
1 3 1 2
1 0 0 0
2 3 0 3
1 1 2 1
1 2 1 3
0 1 0 1
2 0 2 3
===
0 1 0 0
1 2 2 0
2 0 2 0
2 2 2 1
0 0 3 2
3 2 3 3
0 1 2 2
0 3 1 1
3 1 2 0
1 2 0 0
Despues: 
1 1 0 0
2 2 2 0
1 0 2 0
1 2 2 1
1 0 3 2
2 2 3 3
1 1 2 2
1 3 1 1
0 1 2 0
2 2 0 0
===
0 0 3 3
1 2 2 2
2 3 0 2
2 3 1 2
0 0 0 0
3 3 0 3
0 1 2 1
0 2 1 3
3 1 0 1
1 0 2 3
Antes: cruce en ( 1 )
3 2 2 3
1 3 3 2
2 1 0 0
3 3 2 2
2 2 1 0
0 1 3 2
3 0 2 2
3 3 1 0
3 1 0 0
2 3 0 2
===
0 0 2 2
3 0 2 0
3 3 3 0
1 0 2 2
1 0 1 0
2 3 2 3
1 0 0 2
3 2 3 0
3 3 1 2
0 2 1 3
Despues: 
3 0 2 2
1 0 2 0
2 3 3 0
3 0 2 2
2 0 1 0
0 3 2 3
3 0 0 2
3 2 3 0
3 3 1 2
2 2 1 3
===
0 2 2 3
3 3 3 2
3 1 0 0
1 3 2 2
1 2 1 0
2 1 3 2
1 0 2 2
3 3 1 0
3 1 0 0
0 3 0 2
Antes: cruce en ( 1 )
0 1 0 2
3 3 0 0
2 2 2 2
2 0 2 3
3 3 2 1
0 3 0 1
3 2 3 0
2 1 1 3
3 3 0 0
2 0 1 0
===
0 0 1 0
2 2 1 3
3 0 3 1
0 2 3 2
3 0 3 3
1 0 2 2
2 3 1 0
2 2 2 3
2 2 1 1
3 1 2 1
Despues: 
0 0 1 0
3 2 1 3
2 0 3 1
2 2 3 2
3 0 3 3
0 0 2 2
3 3 1 0
2 2 2 3
3 2 1 1
2 1 2 1
===
0 1 0 2
2 3 0 0
3 2 2 2
0 0 2 3
3 3 2 1
1 3 0 1
2 2 3 0
2 1 1 3
2 3 0 0
3 0 1 0
Antes: cruce en ( 2 )
3 1 0 0
2 2 0 2
1 3 3 2
3 0 3 3
1 3 1 0
2 3 0 2
3 3 1 3
0 1 3 1
1 1 0 1
0 1 3 1
===
1 2 2 1
3 0 2 3
1 2 1 2
2 2 3 3
0 1 1 3
3 3 1 3
1 2 2 0
2 0 1 2
2 3 0 1
1 1 0 3
Despues: 
3 1 2 1
2 2 2 3
1 3 1 2
3 0 3 3
1 3 1 3
2 3 1 3
3 3 2 0
0 1 1 2
1 1 0 1
0 1 0 3
===
1 2 0 0
3 0 0 2
1 2 3 2
2 2 3 3
0 1 1 0
3 3 0 2
1 2 1 3
2 0 3 1
2 3 0 1
1 1 3 1
Antes: cruce en ( 1 )
2 0 3 3
3 1 3 3
3 2 1 0
0 2 1 3
2 1 0 1
3 0 3 3
1 2 3 2
3 1 0 0
3 0 0 2
0 3 1 1
===
0 0 0 3
2 2 1 2
1 3 3 2
0 0 1 3
2 3 1 1
3 3 2 0
2 2 0 1
2 2 1 3
1 2 2 2
1 0 2 2
Despues: 
2 0 0 3
3 2 1 2
3 3 3 2
0 0 1 3
2 3 1 1
3 3 2 0
1 2 0 1
3 2 1 3
3 2 2 2
0 0 2 2
===
0 0 3 3
2 1 3 3
1 2 1 0
0 2 1 3
2 1 0 1
3 0 3 3
2 2 3 2
2 1 0 0
1 0 0 2
1 3 1 1
Antes: cruce en ( 2 )
3 2 0 0
1 2 3 3
3 1 3 0
1 3 2 3
1 0 3 2
3 0 1 1
0 0 1 2
3 3 0 2
1 3 0 3
1 2 0 3
===
3 1 3 0
0 1 2 3
3 0 3 1
3 0 2 3
2 1 0 0
1 2 3 2
2 1 3 2
3 2 3 3
3 0 3 1
1 0 0 1
Despues: 
3 2 3 0
1 2 2 3
3 1 3 1
1 3 2 3
1 0 0 0
3 0 3 2
0 0 3 2
3 3 3 3
1 3 3 1
1 2 0 1
===
3 1 0 0
0 1 3 3
3 0 3 0
3 0 2 3
2 1 3 2
1 2 1 1
2 1 1 2
3 2 0 2
3 0 0 3
1 0 0 3
Antes: cruce en ( 2 )
0 2 1 3
1 0 3 0
0 2 3 0
3 1 0 3
2 3 2 0
0 2 1 2
1 2 1 1
0 0 2 3
2 3 0 3
1 2 2 0
===
0 2 2 3
1 3 3 2
1 2 2 2
2 0 0 2
2 2 0 3
2 3 1 2
0 0 2 2
2 0 3 0
3 2 3 3
2 0 3 3
Despues: 
0 2 2 3
1 0 3 2
0 2 2 2
3 1 0 2
2 3 0 3
0 2 1 2
1 2 2 2
0 0 3 0
2 3 3 3
1 2 3 3
===
0 2 1 3
1 3 3 0
1 2 3 0
2 0 0 3
2 2 2 0
2 3 1 2
0 0 1 1
2 0 2 3
3 2 0 3
2 0 2 0
